[03-16 21:05:36]: [INFO] Connection arguments loaded, Hikari ConnectionPool ready!
[03-16 21:05:50]: [INFO] MySQL setup finished
[03-16 21:05:50]: [INFO] Hooked into PermissionsEx!
[03-16 21:05:50]: [INFO] Hooked successfully into Essentials
[03-16 21:05:51]: [INFO] AuthMe 5.6.0-beta2 build n.2453 successfully enabled!
[03-16 21:06:30]: [INFO] Hooked successfully into Multiverse-Core
[03-16 21:06:40]: [INFO] Downloading GEO IP database, because the old database is older than 30 days or doesn't exist
[03-16 21:06:40]: [WARN] No MaxMind credentials found in the configuration file! GeoIp protections will be disabled.
[03-16 21:06:40]: [INFO] There is no newer GEO IP database uploaded to MaxMind. Using the old one for now.
[03-16 21:06:40]: [WARN] Could not download GeoLiteAPI database [FileNotFoundException]: plugins\AuthMe\GeoLite2-Country.mmdb (The system cannot find the file specified)
[03-16 21:06:40]: java.io.FileNotFoundException: plugins\AuthMe\GeoLite2-Country.mmdb (The system cannot find the file specified)
	at java.io.RandomAccessFile.open0(Native Method)
	at java.io.RandomAccessFile.open(Unknown Source)
	at java.io.RandomAccessFile.<init>(Unknown Source)
	at fr.xephi.authme.libs.com.maxmind.db.BufferHolder.<init>(BufferHolder.java:20)
	at fr.xephi.authme.libs.com.maxmind.db.Reader.<init>(Reader.java:121)
	at fr.xephi.authme.service.GeoIpService.startReading(GeoIpService.java:173)
	at fr.xephi.authme.service.GeoIpService.updateDatabase(GeoIpService.java:144)
	at org.bukkit.craftbukkit.v1_12_R1.scheduler.CraftTask.run(CraftTask.java:64)
	at org.bukkit.craftbukkit.v1_12_R1.scheduler.CraftAsyncTask.run(CraftAsyncTask.java:52)
	at com.destroystokyo.paper.ServerSchedulerReportingWrapper.run(ServerSchedulerReportingWrapper.java:22)
	at java.util.concurrent.ThreadPoolExecutor.runWorker(Unknown Source)
	at java.util.concurrent.ThreadPoolExecutor$Worker.run(Unknown Source)
	at java.lang.Thread.run(Unknown Source)

[03-16 21:08:45]: [FINE] jojo3 logged in 0:0:0:0:0:0:0:1
[03-16 21:15:49]: [FINE] jojo3 logged in 0:0:0:0:0:0:0:1
[03-17 03:13:42]: [INFO] Connection arguments loaded, Hikari ConnectionPool ready!
[03-17 03:13:59]: [INFO] MySQL setup finished
[03-17 03:13:59]: [INFO] Hooked into PermissionsEx!
[03-17 03:13:59]: [INFO] Hooked successfully into Essentials
[03-17 03:14:00]: [INFO] AuthMe 5.6.0-beta2 build n.2453 successfully enabled!
