22-03-16 21:05:22 [INFO] Logger started.
22-03-16 21:05:22 [INFO] Logging system initialized.
22-03-16 21:05:22 [INFO] Detected Minecraft version: 1.12.2
22-03-16 21:05:27 [INFO] McAccess set to: 1.12-1.12.2 / Spigot-CB-1.12_R1
22-03-16 21:05:27 [INFO] Added block-info for Minecraft 1.5 blocks.
22-03-16 21:05:27 [INFO] Added block-info for Minecraft 1.6.1 blocks.
22-03-16 21:05:27 [INFO] Added block-info for Minecraft 1.7.2 blocks.
22-03-16 21:05:27 [INFO] Added block-info for Minecraft 1.8 blocks.
22-03-16 21:05:27 [INFO] Added block-info for Minecraft 1.9 blocks.
22-03-16 21:05:27 [INFO] Added block-info for Minecraft 1.10 blocks.
22-03-16 21:05:27 [INFO] Added block-info for Minecraft 1.11 blocks.
22-03-16 21:05:27 [INFO] Added block-info for Minecraft 1.12 blocks.
22-03-16 21:05:27 [INFO] Update block-info: WATER_LILY block shape patch for multi client protocol support around 1.7.x - 1.11.x.
22-03-16 21:05:27 [INFO] Inventory checks: FastConsume is available, disabled InstantEat.
22-03-16 21:05:27 [INFO] Adding packet level hooks for ProtocolLib (MC 1.12.2)...
22-03-16 21:05:27 [INFO] Available (and activated) packet level hooks: UseEntityAdapter | MovingFlying | OutgoingPosition | KeepAliveAdapter | SoundDistance
22-03-16 21:05:27 [INFO] Force disable FastHeal on Minecraft 1.9 and later.
22-03-16 21:05:27 [INFO] Version 3.16.0-RC-sMD5NET-b1134 is enabled.
22-03-16 21:06:40 [INFO] [GenericInstanceRegistry] Registered for itself: fr.neatmonster.nocheatplus.stats.Counters
22-03-16 21:06:40 [INFO] [GenericInstanceRegistry] Registered for itself: fr.neatmonster.nocheatplus.checks.workaround.WRPT
22-03-16 21:06:40 [INFO] [GenericInstanceRegistry] Registered for itself: fr.neatmonster.nocheatplus.checks.moving.location.tracking.LocationTrace$TraceEntryPool
22-03-16 21:06:40 [INFO] [GenericInstanceRegistry] Registered for itself: fr.neatmonster.nocheatplus.utilities.entity.PassengerUtil
22-03-16 21:06:40 [INFO] [GenericInstanceRegistry] Registered for itself: java.util.Random
22-03-16 21:06:40 [INFO] [GenericInstanceRegistry] Registered for fr.neatmonster.nocheatplus.compat.IBridgeCrossPlugin: fr.neatmonster.nocheatplus.compat.meta.BridgeCrossPlugin
22-03-16 21:06:40 [INFO] [GenericInstanceRegistry] Registered for fr.neatmonster.nocheatplus.compat.MCAccess: fr.neatmonster.nocheatplus.compat.cbdev.MCAccessCBDev
22-03-16 21:06:40 [INFO] [GenericInstanceRegistry] Registered for fr.neatmonster.nocheatplus.utilities.map.BlockCache: fr.neatmonster.nocheatplus.compat.cbdev.BlockCacheCBDev
22-03-16 21:06:40 [INFO] [GenericInstanceRegistry] Registered for fr.neatmonster.nocheatplus.components.modifier.IAttributeAccess: fr.neatmonster.nocheatplus.compat.cbdev.AttributeAccess
22-03-16 21:06:40 [INFO] [GenericInstanceRegistry] Registered for fr.neatmonster.nocheatplus.components.entity.IEntityAccessLastPositionAndLook: fr.neatmonster.nocheatplus.compat.cbdev.EntityAccessLastPositionAndLook
22-03-16 21:06:40 [INFO] [GenericInstanceRegistry] Registered for fr.neatmonster.nocheatplus.components.entity.IEntityAccessVehicle: fr.neatmonster.nocheatplus.compat.bukkit.EntityAccessVehicleMultiPassenger
22-03-16 21:06:40 [INFO] [GenericInstanceRegistry] Registered for itself: fr.neatmonster.nocheatplus.checks.moving.util.AuxMoving
22-03-16 21:06:40 [INFO] Added hook: AllViolations(NCP) [1.0].
22-03-16 21:06:40 [INFO] Added hook: MyPet [1.1].
22-03-16 21:06:40 [INFO] Added hook: MyPet [1.1].
22-03-16 21:06:40 [INFO] Added hook: MyPet [1.1].
22-03-16 21:06:41 [INFO] Post-enable running...
22-03-16 21:06:52 [INFO] Post-enable finished.
22-03-16 21:06:54 [INFO] ---- Version information ----
#### Server ####
git-Paper-1618 ~MC: 1.12.2~
  detected: 1.12.2
#### NoCheatPlus ####
Plugin: 3.16.0-RC-sMD5NET-b1134
MCAccess: 1.12-1.12.2 / Spigot-CB-1.12_R1
Features:
  blocks: BlocksMC1_4 | BlocksMC1_5 | BlocksMC1_6_1 | BlocksMC1_7_2 | BlocksMC1_8 | BlocksMC1_9 | BlocksMC1_10 | BlocksMC1_11 | BlocksMC1_12
  checks: FastConsume | Gutenberg | HotFixFallingBlockPortalEnter | AttackFrequency | FlyingFrequency | KeepAliveFrequency
  defaults: pvpKnockBackVelocity
  packet-listeners: UseEntityAdapter | MovingFlying | OutgoingPosition | KeepAliveAdapter | SoundDistance
Hooks: AllViolations~NCP~ 1.0 | MyPet 1.1
#### Related Plugins ####
ProtocolLib v4.8.0 | ViaVersion v3.0.1
22-03-17 03:13:14 [INFO] Logger started.
22-03-17 03:13:14 [INFO] Logging system initialized.
22-03-17 03:13:14 [INFO] Detected Minecraft version: 1.12.2
22-03-17 03:13:25 [INFO] McAccess set to: 1.12-1.12.2 / Spigot-CB-1.12_R1
22-03-17 03:13:25 [INFO] Added block-info for Minecraft 1.5 blocks.
22-03-17 03:13:25 [INFO] Added block-info for Minecraft 1.6.1 blocks.
22-03-17 03:13:25 [INFO] Added block-info for Minecraft 1.7.2 blocks.
22-03-17 03:13:25 [INFO] Added block-info for Minecraft 1.8 blocks.
22-03-17 03:13:25 [INFO] Added block-info for Minecraft 1.9 blocks.
22-03-17 03:13:25 [INFO] Added block-info for Minecraft 1.10 blocks.
22-03-17 03:13:25 [INFO] Added block-info for Minecraft 1.11 blocks.
22-03-17 03:13:25 [INFO] Added block-info for Minecraft 1.12 blocks.
22-03-17 03:13:25 [INFO] Update block-info: WATER_LILY block shape patch for multi client protocol support around 1.7.x - 1.11.x.
22-03-17 03:13:25 [INFO] Inventory checks: FastConsume is available, disabled InstantEat.
22-03-17 03:13:25 [INFO] Adding packet level hooks for ProtocolLib (MC 1.12.2)...
22-03-17 03:13:25 [INFO] Available (and activated) packet level hooks: UseEntityAdapter | MovingFlying | OutgoingPosition | KeepAliveAdapter | SoundDistance
22-03-17 03:13:25 [INFO] Force disable FastHeal on Minecraft 1.9 and later.
22-03-17 03:13:25 [INFO] Version 3.16.0-RC-sMD5NET-b1134 is enabled.
22-03-17 03:14:18 [INFO] [GenericInstanceRegistry] Registered for itself: fr.neatmonster.nocheatplus.stats.Counters
22-03-17 03:14:18 [INFO] [GenericInstanceRegistry] Registered for itself: fr.neatmonster.nocheatplus.checks.workaround.WRPT
22-03-17 03:14:18 [INFO] [GenericInstanceRegistry] Registered for itself: fr.neatmonster.nocheatplus.checks.moving.location.tracking.LocationTrace$TraceEntryPool
22-03-17 03:14:18 [INFO] [GenericInstanceRegistry] Registered for itself: fr.neatmonster.nocheatplus.utilities.entity.PassengerUtil
22-03-17 03:14:18 [INFO] [GenericInstanceRegistry] Registered for itself: java.util.Random
22-03-17 03:14:18 [INFO] [GenericInstanceRegistry] Registered for fr.neatmonster.nocheatplus.compat.IBridgeCrossPlugin: fr.neatmonster.nocheatplus.compat.meta.BridgeCrossPlugin
22-03-17 03:14:18 [INFO] [GenericInstanceRegistry] Registered for fr.neatmonster.nocheatplus.compat.MCAccess: fr.neatmonster.nocheatplus.compat.cbdev.MCAccessCBDev
22-03-17 03:14:18 [INFO] [GenericInstanceRegistry] Registered for fr.neatmonster.nocheatplus.utilities.map.BlockCache: fr.neatmonster.nocheatplus.compat.cbdev.BlockCacheCBDev
22-03-17 03:14:18 [INFO] [GenericInstanceRegistry] Registered for fr.neatmonster.nocheatplus.components.modifier.IAttributeAccess: fr.neatmonster.nocheatplus.compat.cbdev.AttributeAccess
22-03-17 03:14:18 [INFO] [GenericInstanceRegistry] Registered for fr.neatmonster.nocheatplus.components.entity.IEntityAccessLastPositionAndLook: fr.neatmonster.nocheatplus.compat.cbdev.EntityAccessLastPositionAndLook
22-03-17 03:14:18 [INFO] [GenericInstanceRegistry] Registered for fr.neatmonster.nocheatplus.components.entity.IEntityAccessVehicle: fr.neatmonster.nocheatplus.compat.bukkit.EntityAccessVehicleMultiPassenger
22-03-17 03:14:18 [INFO] [GenericInstanceRegistry] Registered for itself: fr.neatmonster.nocheatplus.checks.moving.util.AuxMoving
22-03-17 03:14:18 [INFO] Added hook: AllViolations(NCP) [1.0].
22-03-17 03:14:18 [INFO] Added hook: MyPet [1.1].
22-03-17 03:14:18 [INFO] Added hook: MyPet [1.1].
22-03-17 03:14:18 [INFO] Added hook: MyPet [1.1].
22-03-17 03:14:18 [INFO] Post-enable running...
22-03-17 03:14:25 [INFO] Post-enable finished.
22-03-17 03:14:27 [INFO] ---- Version information ----
#### Server ####
git-Paper-1618 ~MC: 1.12.2~
  detected: 1.12.2
#### NoCheatPlus ####
Plugin: 3.16.0-RC-sMD5NET-b1134
MCAccess: 1.12-1.12.2 / Spigot-CB-1.12_R1
Features:
  blocks: BlocksMC1_4 | BlocksMC1_5 | BlocksMC1_6_1 | BlocksMC1_7_2 | BlocksMC1_8 | BlocksMC1_9 | BlocksMC1_10 | BlocksMC1_11 | BlocksMC1_12
  checks: FastConsume | Gutenberg | HotFixFallingBlockPortalEnter | AttackFrequency | FlyingFrequency | KeepAliveFrequency
  defaults: pvpKnockBackVelocity
  packet-listeners: UseEntityAdapter | MovingFlying | OutgoingPosition | KeepAliveAdapter | SoundDistance
Hooks: AllViolations~NCP~ 1.0 | MyPet 1.1
#### Related Plugins ####
ProtocolLib v4.8.0 | ViaVersion v3.0.1
